Determining if the pthread_create exist failed with the following output:
Change Dir: /home/dalton/Documents/learn-comms/build/6/comm_norender/CMakeFiles/CMakeTmp

Run Build Command:"/usr/bin/make" "cmTC_57efa/fast"
/usr/bin/make -f CMakeFiles/cmTC_57efa.dir/build.make CMakeFiles/cmTC_57efa.dir/build
make[1]: Entering directory '/home/dalton/Documents/learn-comms/build/6/comm_norender/CMakeFiles/CMakeTmp'
Building C object CMakeFiles/cmTC_57efa.dir/CheckSymbolExists.c.o
/usr/bin/cc    -o CMakeFiles/cmTC_57efa.dir/CheckSymbolExists.c.o   -c /home/dalton/Documents/learn-comms/build/6/comm_norender/CMakeFiles/CMakeTmp/CheckSymbolExists.c
Linking C executable cmTC_57efa
/usr/bin/cmake -E cmake_link_script CMakeFiles/cmTC_57efa.dir/link.txt --verbose=1
/usr/bin/cc      -rdynamic CMakeFiles/cmTC_57efa.dir/CheckSymbolExists.c.o  -o cmTC_57efa 
CMakeFiles/cmTC_57efa.dir/CheckSymbolExists.c.o: In function `main':
CheckSymbolExists.c:(.text+0x1b): undefined reference to `pthread_create'
collect2: error: ld returned 1 exit status
CMakeFiles/cmTC_57efa.dir/build.make:97: recipe for target 'cmTC_57efa' failed
make[1]: *** [cmTC_57efa] Error 1
make[1]: Leaving directory '/home/dalton/Documents/learn-comms/build/6/comm_norender/CMakeFiles/CMakeTmp'
Makefile:126: recipe for target 'cmTC_57efa/fast' failed
make: *** [cmTC_57efa/fast] Error 2

File /home/dalton/Documents/learn-comms/build/6/comm_norender/CMakeFiles/CMakeTmp/CheckSymbolExists.c:
/* */
#include <pthread.h>

int main(int argc, char** argv)
{
  (void)argv;
#ifndef pthread_create
  return ((int*)(&pthread_create))[argc];
#else
  (void)argc;
  return 0;
#endif
}

Determining if the function pthread_create exists in the pthreads failed with the following output:
Change Dir: /home/dalton/Documents/learn-comms/build/6/comm_norender/CMakeFiles/CMakeTmp

Run Build Command:"/usr/bin/make" "cmTC_9ced3/fast"
/usr/bin/make -f CMakeFiles/cmTC_9ced3.dir/build.make CMakeFiles/cmTC_9ced3.dir/build
make[1]: Entering directory '/home/dalton/Documents/learn-comms/build/6/comm_norender/CMakeFiles/CMakeTmp'
Building C object CMakeFiles/cmTC_9ced3.dir/CheckFunctionExists.c.o
/usr/bin/cc   -DCHECK_FUNCTION_EXISTS=pthread_create   -o CMakeFiles/cmTC_9ced3.dir/CheckFunctionExists.c.o   -c /usr/share/cmake-3.9/Modules/CheckFunctionExists.c
Linking C executable cmTC_9ced3
/usr/bin/cmake -E cmake_link_script CMakeFiles/cmTC_9ced3.dir/link.txt --verbose=1
/usr/bin/cc  -DCHECK_FUNCTION_EXISTS=pthread_create    -rdynamic CMakeFiles/cmTC_9ced3.dir/CheckFunctionExists.c.o  -o cmTC_9ced3 -lpthreads 
/usr/bin/ld: cannot find -lpthreads
collect2: error: ld returned 1 exit status
CMakeFiles/cmTC_9ced3.dir/build.make:97: recipe for target 'cmTC_9ced3' failed
make[1]: *** [cmTC_9ced3] Error 1
make[1]: Leaving directory '/home/dalton/Documents/learn-comms/build/6/comm_norender/CMakeFiles/CMakeTmp'
Makefile:126: recipe for target 'cmTC_9ced3/fast' failed
make: *** [cmTC_9ced3/fast] Error 2


