Determining if the pthread_create exist failed with the following output:
Change Dir: /home/dalton/Documents/learn-comms/build/0/comm_norender/CMakeFiles/CMakeTmp

Run Build Command:"/usr/bin/make" "cmTC_62d46/fast"
/usr/bin/make -f CMakeFiles/cmTC_62d46.dir/build.make CMakeFiles/cmTC_62d46.dir/build
make[1]: Entering directory '/home/dalton/Documents/learn-comms/build/0/comm_norender/CMakeFiles/CMakeTmp'
Building C object CMakeFiles/cmTC_62d46.dir/CheckSymbolExists.c.o
/usr/bin/cc    -o CMakeFiles/cmTC_62d46.dir/CheckSymbolExists.c.o   -c /home/dalton/Documents/learn-comms/build/0/comm_norender/CMakeFiles/CMakeTmp/CheckSymbolExists.c
Linking C executable cmTC_62d46
/usr/bin/cmake -E cmake_link_script CMakeFiles/cmTC_62d46.dir/link.txt --verbose=1
/usr/bin/cc      -rdynamic CMakeFiles/cmTC_62d46.dir/CheckSymbolExists.c.o  -o cmTC_62d46 
CMakeFiles/cmTC_62d46.dir/CheckSymbolExists.c.o: In function `main':
CheckSymbolExists.c:(.text+0x1b): undefined reference to `pthread_create'
collect2: error: ld returned 1 exit status
CMakeFiles/cmTC_62d46.dir/build.make:97: recipe for target 'cmTC_62d46' failed
make[1]: *** [cmTC_62d46] Error 1
make[1]: Leaving directory '/home/dalton/Documents/learn-comms/build/0/comm_norender/CMakeFiles/CMakeTmp'
Makefile:126: recipe for target 'cmTC_62d46/fast' failed
make: *** [cmTC_62d46/fast] Error 2

File /home/dalton/Documents/learn-comms/build/0/comm_norender/CMakeFiles/CMakeTmp/CheckSymbolExists.c:
/* */
#include <pthread.h>

int main(int argc, char** argv)
{
  (void)argv;
#ifndef pthread_create
  return ((int*)(&pthread_create))[argc];
#else
  (void)argc;
  return 0;
#endif
}

Determining if the function pthread_create exists in the pthreads failed with the following output:
Change Dir: /home/dalton/Documents/learn-comms/build/0/comm_norender/CMakeFiles/CMakeTmp

Run Build Command:"/usr/bin/make" "cmTC_fa9bb/fast"
/usr/bin/make -f CMakeFiles/cmTC_fa9bb.dir/build.make CMakeFiles/cmTC_fa9bb.dir/build
make[1]: Entering directory '/home/dalton/Documents/learn-comms/build/0/comm_norender/CMakeFiles/CMakeTmp'
Building C object CMakeFiles/cmTC_fa9bb.dir/CheckFunctionExists.c.o
/usr/bin/cc   -DCHECK_FUNCTION_EXISTS=pthread_create   -o CMakeFiles/cmTC_fa9bb.dir/CheckFunctionExists.c.o   -c /usr/share/cmake-3.9/Modules/CheckFunctionExists.c
Linking C executable cmTC_fa9bb
/usr/bin/cmake -E cmake_link_script CMakeFiles/cmTC_fa9bb.dir/link.txt --verbose=1
/usr/bin/cc  -DCHECK_FUNCTION_EXISTS=pthread_create    -rdynamic CMakeFiles/cmTC_fa9bb.dir/CheckFunctionExists.c.o  -o cmTC_fa9bb -lpthreads 
/usr/bin/ld: cannot find -lpthreads
collect2: error: ld returned 1 exit status
CMakeFiles/cmTC_fa9bb.dir/build.make:97: recipe for target 'cmTC_fa9bb' failed
make[1]: *** [cmTC_fa9bb] Error 1
make[1]: Leaving directory '/home/dalton/Documents/learn-comms/build/0/comm_norender/CMakeFiles/CMakeTmp'
Makefile:126: recipe for target 'cmTC_fa9bb/fast' failed
make: *** [cmTC_fa9bb/fast] Error 2


