Determining if the pthread_create exist failed with the following output:
Change Dir: /home/dalton/Documents/learn-comms/build/6/nocomm_norender/CMakeFiles/CMakeTmp

Run Build Command:"/usr/bin/make" "cmTC_91bfc/fast"
/usr/bin/make -f CMakeFiles/cmTC_91bfc.dir/build.make CMakeFiles/cmTC_91bfc.dir/build
make[1]: Entering directory '/home/dalton/Documents/learn-comms/build/6/nocomm_norender/CMakeFiles/CMakeTmp'
Building C object CMakeFiles/cmTC_91bfc.dir/CheckSymbolExists.c.o
/usr/bin/cc    -o CMakeFiles/cmTC_91bfc.dir/CheckSymbolExists.c.o   -c /home/dalton/Documents/learn-comms/build/6/nocomm_norender/CMakeFiles/CMakeTmp/CheckSymbolExists.c
Linking C executable cmTC_91bfc
/usr/bin/cmake -E cmake_link_script CMakeFiles/cmTC_91bfc.dir/link.txt --verbose=1
/usr/bin/cc      -rdynamic CMakeFiles/cmTC_91bfc.dir/CheckSymbolExists.c.o  -o cmTC_91bfc 
CMakeFiles/cmTC_91bfc.dir/CheckSymbolExists.c.o: In function `main':
CheckSymbolExists.c:(.text+0x1b): undefined reference to `pthread_create'
collect2: error: ld returned 1 exit status
CMakeFiles/cmTC_91bfc.dir/build.make:97: recipe for target 'cmTC_91bfc' failed
make[1]: *** [cmTC_91bfc] Error 1
make[1]: Leaving directory '/home/dalton/Documents/learn-comms/build/6/nocomm_norender/CMakeFiles/CMakeTmp'
Makefile:126: recipe for target 'cmTC_91bfc/fast' failed
make: *** [cmTC_91bfc/fast] Error 2

File /home/dalton/Documents/learn-comms/build/6/nocomm_norender/CMakeFiles/CMakeTmp/CheckSymbolExists.c:
/* */
#include <pthread.h>

int main(int argc, char** argv)
{
  (void)argv;
#ifndef pthread_create
  return ((int*)(&pthread_create))[argc];
#else
  (void)argc;
  return 0;
#endif
}

Determining if the function pthread_create exists in the pthreads failed with the following output:
Change Dir: /home/dalton/Documents/learn-comms/build/6/nocomm_norender/CMakeFiles/CMakeTmp

Run Build Command:"/usr/bin/make" "cmTC_ed096/fast"
/usr/bin/make -f CMakeFiles/cmTC_ed096.dir/build.make CMakeFiles/cmTC_ed096.dir/build
make[1]: Entering directory '/home/dalton/Documents/learn-comms/build/6/nocomm_norender/CMakeFiles/CMakeTmp'
Building C object CMakeFiles/cmTC_ed096.dir/CheckFunctionExists.c.o
/usr/bin/cc   -DCHECK_FUNCTION_EXISTS=pthread_create   -o CMakeFiles/cmTC_ed096.dir/CheckFunctionExists.c.o   -c /usr/share/cmake-3.9/Modules/CheckFunctionExists.c
Linking C executable cmTC_ed096
/usr/bin/cmake -E cmake_link_script CMakeFiles/cmTC_ed096.dir/link.txt --verbose=1
/usr/bin/cc  -DCHECK_FUNCTION_EXISTS=pthread_create    -rdynamic CMakeFiles/cmTC_ed096.dir/CheckFunctionExists.c.o  -o cmTC_ed096 -lpthreads 
/usr/bin/ld: cannot find -lpthreads
collect2: error: ld returned 1 exit status
CMakeFiles/cmTC_ed096.dir/build.make:97: recipe for target 'cmTC_ed096' failed
make[1]: *** [cmTC_ed096] Error 1
make[1]: Leaving directory '/home/dalton/Documents/learn-comms/build/6/nocomm_norender/CMakeFiles/CMakeTmp'
Makefile:126: recipe for target 'cmTC_ed096/fast' failed
make: *** [cmTC_ed096/fast] Error 2


