Determining if the pthread_create exist failed with the following output:
Change Dir: /home/dalton/Documents/learn-comms/build/6/nocomm_render/CMakeFiles/CMakeTmp

Run Build Command:"/usr/bin/make" "cmTC_83dbd/fast"
/usr/bin/make -f CMakeFiles/cmTC_83dbd.dir/build.make CMakeFiles/cmTC_83dbd.dir/build
make[1]: Entering directory '/home/dalton/Documents/learn-comms/build/6/nocomm_render/CMakeFiles/CMakeTmp'
Building C object CMakeFiles/cmTC_83dbd.dir/CheckSymbolExists.c.o
/usr/bin/cc    -o CMakeFiles/cmTC_83dbd.dir/CheckSymbolExists.c.o   -c /home/dalton/Documents/learn-comms/build/6/nocomm_render/CMakeFiles/CMakeTmp/CheckSymbolExists.c
Linking C executable cmTC_83dbd
/usr/bin/cmake -E cmake_link_script CMakeFiles/cmTC_83dbd.dir/link.txt --verbose=1
/usr/bin/cc      -rdynamic CMakeFiles/cmTC_83dbd.dir/CheckSymbolExists.c.o  -o cmTC_83dbd 
CMakeFiles/cmTC_83dbd.dir/CheckSymbolExists.c.o: In function `main':
CheckSymbolExists.c:(.text+0x1b): undefined reference to `pthread_create'
collect2: error: ld returned 1 exit status
CMakeFiles/cmTC_83dbd.dir/build.make:97: recipe for target 'cmTC_83dbd' failed
make[1]: *** [cmTC_83dbd] Error 1
make[1]: Leaving directory '/home/dalton/Documents/learn-comms/build/6/nocomm_render/CMakeFiles/CMakeTmp'
Makefile:126: recipe for target 'cmTC_83dbd/fast' failed
make: *** [cmTC_83dbd/fast] Error 2

File /home/dalton/Documents/learn-comms/build/6/nocomm_render/CMakeFiles/CMakeTmp/CheckSymbolExists.c:
/* */
#include <pthread.h>

int main(int argc, char** argv)
{
  (void)argv;
#ifndef pthread_create
  return ((int*)(&pthread_create))[argc];
#else
  (void)argc;
  return 0;
#endif
}

Determining if the function pthread_create exists in the pthreads failed with the following output:
Change Dir: /home/dalton/Documents/learn-comms/build/6/nocomm_render/CMakeFiles/CMakeTmp

Run Build Command:"/usr/bin/make" "cmTC_d6cfe/fast"
/usr/bin/make -f CMakeFiles/cmTC_d6cfe.dir/build.make CMakeFiles/cmTC_d6cfe.dir/build
make[1]: Entering directory '/home/dalton/Documents/learn-comms/build/6/nocomm_render/CMakeFiles/CMakeTmp'
Building C object CMakeFiles/cmTC_d6cfe.dir/CheckFunctionExists.c.o
/usr/bin/cc   -DCHECK_FUNCTION_EXISTS=pthread_create   -o CMakeFiles/cmTC_d6cfe.dir/CheckFunctionExists.c.o   -c /usr/share/cmake-3.9/Modules/CheckFunctionExists.c
Linking C executable cmTC_d6cfe
/usr/bin/cmake -E cmake_link_script CMakeFiles/cmTC_d6cfe.dir/link.txt --verbose=1
/usr/bin/cc  -DCHECK_FUNCTION_EXISTS=pthread_create    -rdynamic CMakeFiles/cmTC_d6cfe.dir/CheckFunctionExists.c.o  -o cmTC_d6cfe -lpthreads 
/usr/bin/ld: cannot find -lpthreads
collect2: error: ld returned 1 exit status
CMakeFiles/cmTC_d6cfe.dir/build.make:97: recipe for target 'cmTC_d6cfe' failed
make[1]: *** [cmTC_d6cfe] Error 1
make[1]: Leaving directory '/home/dalton/Documents/learn-comms/build/6/nocomm_render/CMakeFiles/CMakeTmp'
Makefile:126: recipe for target 'cmTC_d6cfe/fast' failed
make: *** [cmTC_d6cfe/fast] Error 2


