Determining if the pthread_create exist failed with the following output:
Change Dir: /home/dalton/Documents/learn-comms/build/1/nocomm_norender/CMakeFiles/CMakeTmp

Run Build Command:"/usr/bin/make" "cmTC_1d42b/fast"
/usr/bin/make -f CMakeFiles/cmTC_1d42b.dir/build.make CMakeFiles/cmTC_1d42b.dir/build
make[1]: Entering directory '/home/dalton/Documents/learn-comms/build/1/nocomm_norender/CMakeFiles/CMakeTmp'
Building C object CMakeFiles/cmTC_1d42b.dir/CheckSymbolExists.c.o
/usr/bin/cc    -o CMakeFiles/cmTC_1d42b.dir/CheckSymbolExists.c.o   -c /home/dalton/Documents/learn-comms/build/1/nocomm_norender/CMakeFiles/CMakeTmp/CheckSymbolExists.c
Linking C executable cmTC_1d42b
/usr/bin/cmake -E cmake_link_script CMakeFiles/cmTC_1d42b.dir/link.txt --verbose=1
/usr/bin/cc      -rdynamic CMakeFiles/cmTC_1d42b.dir/CheckSymbolExists.c.o  -o cmTC_1d42b 
CMakeFiles/cmTC_1d42b.dir/CheckSymbolExists.c.o: In function `main':
CheckSymbolExists.c:(.text+0x1b): undefined reference to `pthread_create'
collect2: error: ld returned 1 exit status
CMakeFiles/cmTC_1d42b.dir/build.make:97: recipe for target 'cmTC_1d42b' failed
make[1]: *** [cmTC_1d42b] Error 1
make[1]: Leaving directory '/home/dalton/Documents/learn-comms/build/1/nocomm_norender/CMakeFiles/CMakeTmp'
Makefile:126: recipe for target 'cmTC_1d42b/fast' failed
make: *** [cmTC_1d42b/fast] Error 2

File /home/dalton/Documents/learn-comms/build/1/nocomm_norender/CMakeFiles/CMakeTmp/CheckSymbolExists.c:
/* */
#include <pthread.h>

int main(int argc, char** argv)
{
  (void)argv;
#ifndef pthread_create
  return ((int*)(&pthread_create))[argc];
#else
  (void)argc;
  return 0;
#endif
}

Determining if the function pthread_create exists in the pthreads failed with the following output:
Change Dir: /home/dalton/Documents/learn-comms/build/1/nocomm_norender/CMakeFiles/CMakeTmp

Run Build Command:"/usr/bin/make" "cmTC_ebe28/fast"
/usr/bin/make -f CMakeFiles/cmTC_ebe28.dir/build.make CMakeFiles/cmTC_ebe28.dir/build
make[1]: Entering directory '/home/dalton/Documents/learn-comms/build/1/nocomm_norender/CMakeFiles/CMakeTmp'
Building C object CMakeFiles/cmTC_ebe28.dir/CheckFunctionExists.c.o
/usr/bin/cc   -DCHECK_FUNCTION_EXISTS=pthread_create   -o CMakeFiles/cmTC_ebe28.dir/CheckFunctionExists.c.o   -c /usr/share/cmake-3.9/Modules/CheckFunctionExists.c
Linking C executable cmTC_ebe28
/usr/bin/cmake -E cmake_link_script CMakeFiles/cmTC_ebe28.dir/link.txt --verbose=1
/usr/bin/cc  -DCHECK_FUNCTION_EXISTS=pthread_create    -rdynamic CMakeFiles/cmTC_ebe28.dir/CheckFunctionExists.c.o  -o cmTC_ebe28 -lpthreads 
/usr/bin/ld: cannot find -lpthreads
collect2: error: ld returned 1 exit status
CMakeFiles/cmTC_ebe28.dir/build.make:97: recipe for target 'cmTC_ebe28' failed
make[1]: *** [cmTC_ebe28] Error 1
make[1]: Leaving directory '/home/dalton/Documents/learn-comms/build/1/nocomm_norender/CMakeFiles/CMakeTmp'
Makefile:126: recipe for target 'cmTC_ebe28/fast' failed
make: *** [cmTC_ebe28/fast] Error 2


