Determining if the pthread_create exist failed with the following output:
Change Dir: /home/dalton/Documents/learn-comms/build/3/nocomm_norender/CMakeFiles/CMakeTmp

Run Build Command:"/usr/bin/make" "cmTC_b33d0/fast"
/usr/bin/make -f CMakeFiles/cmTC_b33d0.dir/build.make CMakeFiles/cmTC_b33d0.dir/build
make[1]: Entering directory '/home/dalton/Documents/learn-comms/build/3/nocomm_norender/CMakeFiles/CMakeTmp'
Building C object CMakeFiles/cmTC_b33d0.dir/CheckSymbolExists.c.o
/usr/bin/cc    -o CMakeFiles/cmTC_b33d0.dir/CheckSymbolExists.c.o   -c /home/dalton/Documents/learn-comms/build/3/nocomm_norender/CMakeFiles/CMakeTmp/CheckSymbolExists.c
Linking C executable cmTC_b33d0
/usr/bin/cmake -E cmake_link_script CMakeFiles/cmTC_b33d0.dir/link.txt --verbose=1
/usr/bin/cc      -rdynamic CMakeFiles/cmTC_b33d0.dir/CheckSymbolExists.c.o  -o cmTC_b33d0 
CMakeFiles/cmTC_b33d0.dir/CheckSymbolExists.c.o: In function `main':
CheckSymbolExists.c:(.text+0x1b): undefined reference to `pthread_create'
collect2: error: ld returned 1 exit status
CMakeFiles/cmTC_b33d0.dir/build.make:97: recipe for target 'cmTC_b33d0' failed
make[1]: *** [cmTC_b33d0] Error 1
make[1]: Leaving directory '/home/dalton/Documents/learn-comms/build/3/nocomm_norender/CMakeFiles/CMakeTmp'
Makefile:126: recipe for target 'cmTC_b33d0/fast' failed
make: *** [cmTC_b33d0/fast] Error 2

File /home/dalton/Documents/learn-comms/build/3/nocomm_norender/CMakeFiles/CMakeTmp/CheckSymbolExists.c:
/* */
#include <pthread.h>

int main(int argc, char** argv)
{
  (void)argv;
#ifndef pthread_create
  return ((int*)(&pthread_create))[argc];
#else
  (void)argc;
  return 0;
#endif
}

Determining if the function pthread_create exists in the pthreads failed with the following output:
Change Dir: /home/dalton/Documents/learn-comms/build/3/nocomm_norender/CMakeFiles/CMakeTmp

Run Build Command:"/usr/bin/make" "cmTC_d643f/fast"
/usr/bin/make -f CMakeFiles/cmTC_d643f.dir/build.make CMakeFiles/cmTC_d643f.dir/build
make[1]: Entering directory '/home/dalton/Documents/learn-comms/build/3/nocomm_norender/CMakeFiles/CMakeTmp'
Building C object CMakeFiles/cmTC_d643f.dir/CheckFunctionExists.c.o
/usr/bin/cc   -DCHECK_FUNCTION_EXISTS=pthread_create   -o CMakeFiles/cmTC_d643f.dir/CheckFunctionExists.c.o   -c /usr/share/cmake-3.9/Modules/CheckFunctionExists.c
Linking C executable cmTC_d643f
/usr/bin/cmake -E cmake_link_script CMakeFiles/cmTC_d643f.dir/link.txt --verbose=1
/usr/bin/cc  -DCHECK_FUNCTION_EXISTS=pthread_create    -rdynamic CMakeFiles/cmTC_d643f.dir/CheckFunctionExists.c.o  -o cmTC_d643f -lpthreads 
/usr/bin/ld: cannot find -lpthreads
collect2: error: ld returned 1 exit status
CMakeFiles/cmTC_d643f.dir/build.make:97: recipe for target 'cmTC_d643f' failed
make[1]: *** [cmTC_d643f] Error 1
make[1]: Leaving directory '/home/dalton/Documents/learn-comms/build/3/nocomm_norender/CMakeFiles/CMakeTmp'
Makefile:126: recipe for target 'cmTC_d643f/fast' failed
make: *** [cmTC_d643f/fast] Error 2


