Determining if the pthread_create exist failed with the following output:
Change Dir: /home/dalton/Documents/learn-comms/build/0/comm_render/CMakeFiles/CMakeTmp

Run Build Command:"/usr/bin/make" "cmTC_7082a/fast"
/usr/bin/make -f CMakeFiles/cmTC_7082a.dir/build.make CMakeFiles/cmTC_7082a.dir/build
make[1]: Entering directory '/home/dalton/Documents/learn-comms/build/0/comm_render/CMakeFiles/CMakeTmp'
Building C object CMakeFiles/cmTC_7082a.dir/CheckSymbolExists.c.o
/usr/bin/cc    -o CMakeFiles/cmTC_7082a.dir/CheckSymbolExists.c.o   -c /home/dalton/Documents/learn-comms/build/0/comm_render/CMakeFiles/CMakeTmp/CheckSymbolExists.c
Linking C executable cmTC_7082a
/usr/bin/cmake -E cmake_link_script CMakeFiles/cmTC_7082a.dir/link.txt --verbose=1
/usr/bin/cc      -rdynamic CMakeFiles/cmTC_7082a.dir/CheckSymbolExists.c.o  -o cmTC_7082a 
CMakeFiles/cmTC_7082a.dir/CheckSymbolExists.c.o: In function `main':
CheckSymbolExists.c:(.text+0x1b): undefined reference to `pthread_create'
collect2: error: ld returned 1 exit status
CMakeFiles/cmTC_7082a.dir/build.make:97: recipe for target 'cmTC_7082a' failed
make[1]: *** [cmTC_7082a] Error 1
make[1]: Leaving directory '/home/dalton/Documents/learn-comms/build/0/comm_render/CMakeFiles/CMakeTmp'
Makefile:126: recipe for target 'cmTC_7082a/fast' failed
make: *** [cmTC_7082a/fast] Error 2

File /home/dalton/Documents/learn-comms/build/0/comm_render/CMakeFiles/CMakeTmp/CheckSymbolExists.c:
/* */
#include <pthread.h>

int main(int argc, char** argv)
{
  (void)argv;
#ifndef pthread_create
  return ((int*)(&pthread_create))[argc];
#else
  (void)argc;
  return 0;
#endif
}

Determining if the function pthread_create exists in the pthreads failed with the following output:
Change Dir: /home/dalton/Documents/learn-comms/build/0/comm_render/CMakeFiles/CMakeTmp

Run Build Command:"/usr/bin/make" "cmTC_ed550/fast"
/usr/bin/make -f CMakeFiles/cmTC_ed550.dir/build.make CMakeFiles/cmTC_ed550.dir/build
make[1]: Entering directory '/home/dalton/Documents/learn-comms/build/0/comm_render/CMakeFiles/CMakeTmp'
Building C object CMakeFiles/cmTC_ed550.dir/CheckFunctionExists.c.o
/usr/bin/cc   -DCHECK_FUNCTION_EXISTS=pthread_create   -o CMakeFiles/cmTC_ed550.dir/CheckFunctionExists.c.o   -c /usr/share/cmake-3.9/Modules/CheckFunctionExists.c
Linking C executable cmTC_ed550
/usr/bin/cmake -E cmake_link_script CMakeFiles/cmTC_ed550.dir/link.txt --verbose=1
/usr/bin/cc  -DCHECK_FUNCTION_EXISTS=pthread_create    -rdynamic CMakeFiles/cmTC_ed550.dir/CheckFunctionExists.c.o  -o cmTC_ed550 -lpthreads 
/usr/bin/ld: cannot find -lpthreads
collect2: error: ld returned 1 exit status
CMakeFiles/cmTC_ed550.dir/build.make:97: recipe for target 'cmTC_ed550' failed
make[1]: *** [cmTC_ed550] Error 1
make[1]: Leaving directory '/home/dalton/Documents/learn-comms/build/0/comm_render/CMakeFiles/CMakeTmp'
Makefile:126: recipe for target 'cmTC_ed550/fast' failed
make: *** [cmTC_ed550/fast] Error 2


